<?xml version="1.0" encoding="UTF-8"?>
<!-- Generated by org.testng.reporters.JUnitXMLReporter -->
<testsuite ignored="0" hostname="DESKTOP-ER1B2KO" failures="0" tests="12" name="Test" time="426.837" errors="0" timestamp="2025-06-24T16:14:20 IST">
  <testcase classname="testCases.TC001_LoginAndLogOut" name="loginandLog" time="14.634"/>
  <testcase classname="testCases.TC004_AboutUs" name="AboutUs" time="5.501"/>
  <testcase classname="testCases.TC005_AddComapreAndDelete" name="compareAndDelete" time="33.505"/>
  <testcase classname="testCases.TC006_WishListAddAndDelete" name="WishListAddAndDelete" time="22.612"/>
  <testcase classname="testCases.TC007_CreateAccount" name="CreateAccount" time="23.251"/>
  <testcase classname="testCases.TC008_OrderLogin_via_Elavon" name="OrderLogin" time="65.794"/>
  <testcase classname="testCases.TC009_QuickViewIsPresent" name="quickView" time="7.939"/>
  <testcase classname="testCases.TC010_ProductPerPage" name="productPerPage" time="10.975"/>
  <testcase classname="testCases.TC011_Pagination" name="pagination" time="22.915"/>
  <testcase classname="testCases.TC012_WishListBTn_onProduct" name="buttonOnproductPage" time="23.553"/>
  <testcase classname="testCases.TC014_CartPageActions" name="cartPageActions" time="27.642"/>
  <testcase classname="testCases.TC015_SearchFuctionalty" name="SearchFuctionalty" time="5.8"/>
</testsuite> <!-- Test -->
