<?xml version="1.0" encoding="UTF-8"?>
<!-- Generated by org.testng.reporters.JUnitXMLReporter -->
<testsuite ignored="0" hostname="DESKTOP-ER1B2KO" failures="3" tests="14" name="Test" time="470.876" errors="0" timestamp="2025-06-20T16:54:47 IST">
  <testcase classname="testCases.TC001_LoginAndLogOut" name="loginandLog" time="18.193"/>
  <testcase classname="testCases.TC002_Newsletter" name="Newsletter" time="26.709">
    <failure type="java.lang.AssertionError" message="expected [true] but found [false]">
      <![CDATA[java.lang.AssertionError: expected [true] but found [false]
at testCases.TC002_Newsletter.Newsletter(TC002_Newsletter.java:31)
at java.base/java.util.ArrayList.forEach(ArrayList.java:1596)
... Removed 29 stack frames]]>
    </failure>
  </testcase> <!-- Newsletter -->
  <testcase classname="testCases.TC003_ContactUs" name="Contactus" time="17.172"/>
  <testcase classname="testCases.TC004_AboutUs" name="AboutUs" time="5.567"/>
  <testcase classname="testCases.TC005_AddComapreAndDelete" name="compareAndDelete" time="34.35"/>
  <testcase classname="testCases.TC006_WishListAddAndDelete" name="WishListAddAndDelete" time="22.958"/>
  <testcase classname="testCases.TC007_CreateAccount" name="CreateAccount" time="23.622"/>
  <testcase classname="testCases.TC008_OrderLogin_via_Elavon" name="OrderLogin" time="31.35">
    <failure type="org.openqa.selenium.ElementNotInteractableException" message="element not interactable
  (Session info: chrome=137.0.7151.120)
Build info: version: &amp;apos;4.28.1&amp;apos;, revision: &amp;apos;73f5ad48a2&amp;apos;
System info: os.name: &amp;apos;Windows 10&amp;apos;, os.arch: &amp;apos;amd64&amp;apos;, os.version: &amp;apos;10.0&amp;apos;, java.version: &amp;apos;21.0.6&amp;apos;
Driver info: org.openqa.selenium.chrome.ChromeDriver
Command: [fd73a8630ad939bb1d9b2b359d69f111, clickElement {id=f.DEAD40090447843768B39223BBFE31A3.d.99749AFC73EF3E847839CC35F6B7FEAD.e.340}]
Capabilities {acceptInsecureCerts: false, browserName: chrome, browserVersion: 137.0.7151.120, chrome: {chromedriverVersion: 137.0.7151.119 (e0ac9d12dff..., userDataDir: C:\Users\Admin\AppData\Loca...}, fedcm:accounts: true, goog:chromeOptions: {debuggerAddress: localhost:55026}, networkConnectionEnabled: false, pageLoadStrategy: normal, platformName: windows, proxy: Proxy(), se:cdp: ws://localhost:55026/devtoo..., se:cdpVersion: 137.0.7151.120, setWindowRect: true, strictFileInteractability: false, timeouts: {implicit: 0, pageLoad: 300000, script: 30000}, unhandledPromptBehavior: dismiss and notify, webauthn:extension:credBlob: true, webauthn:extension:largeBlob: true, webauthn:extension:minPinLength: true, webauthn:extension:prf: true, webauthn:virtualAuthenticators: true}
Element: [[ChromeDriver: chrome on windows (fd73a8630ad939bb1d9b2b359d69f111)] -&amp;gt; xpath: //a[@class=&amp;apos;action viewcart&amp;apos;]]
Session ID: fd73a8630ad939bb1d9b2b359d69f111">
      <![CDATA[org.openqa.selenium.ElementNotInteractableException: element not interactable
  (Session info: chrome=137.0.7151.120)
Build info: version: '4.28.1', revision: '73f5ad48a2'
System info: os.name: 'Windows 10', os.arch: 'amd64', os.version: '10.0', java.version: '21.0.6'
Driver info: org.openqa.selenium.chrome.ChromeDriver
Command: [fd73a8630ad939bb1d9b2b359d69f111, clickElement {id=f.DEAD40090447843768B39223BBFE31A3.d.99749AFC73EF3E847839CC35F6B7FEAD.e.340}]
Capabilities {acceptInsecureCerts: false, browserName: chrome, browserVersion: 137.0.7151.120, chrome: {chromedriverVersion: 137.0.7151.119 (e0ac9d12dff..., userDataDir: C:\Users\Admin\AppData\Loca...}, fedcm:accounts: true, goog:chromeOptions: {debuggerAddress: localhost:55026}, networkConnectionEnabled: false, pageLoadStrategy: normal, platformName: windows, proxy: Proxy(), se:cdp: ws://localhost:55026/devtoo..., se:cdpVersion: 137.0.7151.120, setWindowRect: true, strictFileInteractability: false, timeouts: {implicit: 0, pageLoad: 300000, script: 30000}, unhandledPromptBehavior: dismiss and notify, webauthn:extension:credBlob: true, webauthn:extension:largeBlob: true, webauthn:extension:minPinLength: true, webauthn:extension:prf: true, webauthn:virtualAuthenticators: true}
Element: [[ChromeDriver: chrome on windows (fd73a8630ad939bb1d9b2b359d69f111)] -> xpath: //a[@class='action viewcart']]
Session ID: fd73a8630ad939bb1d9b2b359d69f111
at org.openqa.selenium.remote.ErrorCodec.decode(ErrorCodec.java:167)
at org.openqa.selenium.remote.codec.w3c.W3CHttpResponseCodec.decode(W3CHttpResponseCodec.java:138)
at org.openqa.selenium.remote.codec.w3c.W3CHttpResponseCodec.decode(W3CHttpResponseCodec.java:50)
at org.openqa.selenium.remote.HttpCommandExecutor.execute(HttpCommandExecutor.java:215)
at org.openqa.selenium.remote.service.DriverCommandExecutor.invokeExecute(DriverCommandExecutor.java:216)
at org.openqa.selenium.remote.service.DriverCommandExecutor.execute(DriverCommandExecutor.java:174)
at org.openqa.selenium.remote.RemoteWebDriver.execute(RemoteWebDriver.java:545)
at org.openqa.selenium.remote.RemoteWebElement.execute(RemoteWebElement.java:223)
at org.openqa.selenium.remote.RemoteWebElement.click(RemoteWebElement.java:76)
at org.openqa.selenium.support.pagefactory.internal.LocatingElementHandler.invoke(LocatingElementHandler.java:51)
at jdk.proxy2/jdk.proxy2.$Proxy15.click(Unknown Source)
at pageObjects.HomePage.clickOnMiniCartBtn(HomePage.java:176)
at testCases.TC008_OrderLogin_via_Elavon.OrderLogin(TC008_OrderLogin_via_Elavon.java:30)
at java.base/java.util.ArrayList.forEach(ArrayList.java:1596)
... Removed 30 stack frames]]>
    </failure>
  </testcase> <!-- OrderLogin -->
  <testcase classname="testCases.TC009_QuickViewIsPresent" name="quickView" time="8.058"/>
  <testcase classname="testCases.TC010_ProductPerPage" name="productPerPage" time="12.356"/>
  <testcase classname="testCases.TC011_Pagination" name="pagination" time="9.113"/>
  <testcase classname="testCases.TC012_WishListAndCompareBtn_onProduct" name="buttonOnproductPage" time="25.618">
    <failure type="org.openqa.selenium.ElementClickInterceptedException" message="element click intercepted: Element &amp;lt;a href=&amp;quot;#&amp;quot; class=&amp;quot;action towishlist&amp;quot; data-post=&amp;quot;{&amp;amp;quot;action&amp;amp;quot;:&amp;amp;quot;https:\/\/mrd.softdemonew.info\/wishlist\/index\/add\/&amp;amp;quot;,&amp;amp;quot;data&amp;amp;quot;:{&amp;amp;quot;product&amp;amp;quot;:1145,&amp;amp;quot;uenc&amp;amp;quot;:&amp;amp;quot;aHR0cHM6Ly9tcmQuc29mdGRlbW9uZXcuaW5mby9iYWNobWFubi1icmFuY2hsaW5lLTM2LTAwNGEtYmQtbGFyZ2UtY29udGFpbmVycy1ici1iYXV4aXRlLWFuZC1ici1jcmltc29uLmh0bWw~&amp;amp;quot;}}&amp;quot; data-action=&amp;quot;add-to-wishlist&amp;quot;&amp;gt;...&amp;lt;/a&amp;gt; is not clickable at point (1446, 320). Other element would receive the click: &amp;lt;li class=&amp;quot;mega has-child dynamic-width tab-head&amp;quot; id=&amp;quot;menu5470&amp;quot;&amp;gt;...&amp;lt;/li&amp;gt;
  (Session info: chrome=137.0.7151.120)
Build info: version: &amp;apos;4.28.1&amp;apos;, revision: &amp;apos;73f5ad48a2&amp;apos;
System info: os.name: &amp;apos;Windows 10&amp;apos;, os.arch: &amp;apos;amd64&amp;apos;, os.version: &amp;apos;10.0&amp;apos;, java.version: &amp;apos;21.0.6&amp;apos;
Driver info: org.openqa.selenium.chrome.ChromeDriver
Command: [c12ae31e47d99be3716a0869a43cbe7f, clickElement {id=f.1E840216DB6092FEDD9829FB09639B7F.d.4FA6F55F19F33E20E594521DEF841638.e.514}]
Capabilities {acceptInsecureCerts: false, browserName: chrome, browserVersion: 137.0.7151.120, chrome: {chromedriverVersion: 137.0.7151.119 (e0ac9d12dff..., userDataDir: C:\Users\Admin\AppData\Loca...}, fedcm:accounts: true, goog:chromeOptions: {debuggerAddress: localhost:55183}, networkConnectionEnabled: false, pageLoadStrategy: normal, platformName: windows, proxy: Proxy(), se:cdp: ws://localhost:55183/devtoo..., se:cdpVersion: 137.0.7151.120, setWindowRect: true, strictFileInteractability: false, timeouts: {implicit: 0, pageLoad: 300000, script: 30000}, unhandledPromptBehavior: dismiss and notify, webauthn:extension:credBlob: true, webauthn:extension:largeBlob: true, webauthn:extension:minPinLength: true, webauthn:extension:prf: true, webauthn:virtualAuthenticators: true}
Element: [[ChromeDriver: chrome on windows (c12ae31e47d99be3716a0869a43cbe7f)] -&amp;gt; xpath: //div[@class=&amp;apos;product-addto-links&amp;apos;]//a[1]]
Session ID: c12ae31e47d99be3716a0869a43cbe7f">
      <![CDATA[org.openqa.selenium.ElementClickInterceptedException: element click intercepted: Element <a href="#" class="action towishlist" data-post="{&quot;action&quot;:&quot;https:\/\/mrd.softdemonew.info\/wishlist\/index\/add\/&quot;,&quot;data&quot;:{&quot;product&quot;:1145,&quot;uenc&quot;:&quot;aHR0cHM6Ly9tcmQuc29mdGRlbW9uZXcuaW5mby9iYWNobWFubi1icmFuY2hsaW5lLTM2LTAwNGEtYmQtbGFyZ2UtY29udGFpbmVycy1ici1iYXV4aXRlLWFuZC1ici1jcmltc29uLmh0bWw~&quot;}}" data-action="add-to-wishlist">...</a> is not clickable at point (1446, 320). Other element would receive the click: <li class="mega has-child dynamic-width tab-head" id="menu5470">...</li>
  (Session info: chrome=137.0.7151.120)
Build info: version: '4.28.1', revision: '73f5ad48a2'
System info: os.name: 'Windows 10', os.arch: 'amd64', os.version: '10.0', java.version: '21.0.6'
Driver info: org.openqa.selenium.chrome.ChromeDriver
Command: [c12ae31e47d99be3716a0869a43cbe7f, clickElement {id=f.1E840216DB6092FEDD9829FB09639B7F.d.4FA6F55F19F33E20E594521DEF841638.e.514}]
Capabilities {acceptInsecureCerts: false, browserName: chrome, browserVersion: 137.0.7151.120, chrome: {chromedriverVersion: 137.0.7151.119 (e0ac9d12dff..., userDataDir: C:\Users\Admin\AppData\Loca...}, fedcm:accounts: true, goog:chromeOptions: {debuggerAddress: localhost:55183}, networkConnectionEnabled: false, pageLoadStrategy: normal, platformName: windows, proxy: Proxy(), se:cdp: ws://localhost:55183/devtoo..., se:cdpVersion: 137.0.7151.120, setWindowRect: true, strictFileInteractability: false, timeouts: {implicit: 0, pageLoad: 300000, script: 30000}, unhandledPromptBehavior: dismiss and notify, webauthn:extension:credBlob: true, webauthn:extension:largeBlob: true, webauthn:extension:minPinLength: true, webauthn:extension:prf: true, webauthn:virtualAuthenticators: true}
Element: [[ChromeDriver: chrome on windows (c12ae31e47d99be3716a0869a43cbe7f)] -> xpath: //div[@class='product-addto-links']//a[1]]
Session ID: c12ae31e47d99be3716a0869a43cbe7f
at org.openqa.selenium.remote.ErrorCodec.decode(ErrorCodec.java:167)
at org.openqa.selenium.remote.codec.w3c.W3CHttpResponseCodec.decode(W3CHttpResponseCodec.java:138)
at org.openqa.selenium.remote.codec.w3c.W3CHttpResponseCodec.decode(W3CHttpResponseCodec.java:50)
at org.openqa.selenium.remote.HttpCommandExecutor.execute(HttpCommandExecutor.java:215)
at org.openqa.selenium.remote.service.DriverCommandExecutor.invokeExecute(DriverCommandExecutor.java:216)
at org.openqa.selenium.remote.service.DriverCommandExecutor.execute(DriverCommandExecutor.java:174)
at org.openqa.selenium.remote.RemoteWebDriver.execute(RemoteWebDriver.java:545)
at org.openqa.selenium.remote.RemoteWebElement.execute(RemoteWebElement.java:223)
at org.openqa.selenium.remote.RemoteWebElement.click(RemoteWebElement.java:76)
at org.openqa.selenium.support.pagefactory.internal.LocatingElementHandler.invoke(LocatingElementHandler.java:51)
at jdk.proxy2/jdk.proxy2.$Proxy15.click(Unknown Source)
at pageObjects.ProductDetailPage.clickOnCompareBtn(ProductDetailPage.java:49)
at testCases.TC012_WishListAndCompareBtn_onProduct.buttonOnproductPage(TC012_WishListAndCompareBtn_onProduct.java:45)
at java.base/java.util.ArrayList.forEach(ArrayList.java:1596)
... Removed 30 stack frames]]>
    </failure>
  </testcase> <!-- buttonOnproductPage -->
  <testcase classname="testCases.TC013_SearchFuctionalty" name="SearchFuctionalty" time="5.86"/>
  <testcase classname="testCases.TC014_CartPageActions" name="cartPageActions" time="26.877"/>
</testsuite> <!-- Test -->
