<?xml version="1.0" encoding="UTF-8"?>
<testng-results ignored="0" total="14" passed="11" failed="3" skipped="0">
  <reporter-output>
  </reporter-output>
  <suite started-at="2025-06-20T16:46:56 IST" name="Suite" finished-at="2025-06-20T16:54:47 IST" duration-ms="470876">
    <groups>
    </groups>
    <test started-at="2025-06-20T16:46:56 IST" name="Test" finished-at="2025-06-20T16:54:47 IST" duration-ms="470876">
      <class name="testCases.TC003_ContactUs">
        <test-method is-config="true" signature="setUp(java.lang.String,java.lang.String)[pri:0, instance:testCases.TC003_ContactUs@3febb011]" started-at="2025-06-20T16:48:10 IST" name="setUp" finished-at="2025-06-20T16:48:24 IST" duration-ms="13924" status="PASS">
          <params>
            <param index="0">
              <value>
                <![CDATA[windows]]>
              </value>
            </param>
            <param index="1">
              <value>
                <![CDATA[chrome]]>
              </value>
            </param>
          </params>
          <reporter-output>
          </reporter-output>
        </test-method> <!-- setUp -->
        <test-method signature="Contactus()[pri:0, instance:testCases.TC003_ContactUs@3febb011]" started-at="2025-06-20T16:48:24 IST" name="Contactus" finished-at="2025-06-20T16:48:41 IST" duration-ms="17172" status="PASS">
          <reporter-output>
          </reporter-output>
        </test-method> <!-- Contactus -->
        <test-method is-config="true" signature="tearDown()[pri:0, instance:testCases.TC003_ContactUs@3febb011]" started-at="2025-06-20T16:48:41 IST" name="tearDown" finished-at="2025-06-20T16:48:42 IST" duration-ms="215" status="PASS">
          <reporter-output>
          </reporter-output>
        </test-method> <!-- tearDown -->
      </class> <!-- testCases.TC003_ContactUs -->
      <class name="testCases.TC007_CreateAccount">
        <test-method is-config="true" signature="setUp(java.lang.String,java.lang.String)[pri:0, instance:testCases.TC007_CreateAccount@77847718]" started-at="2025-06-20T16:50:27 IST" name="setUp" finished-at="2025-06-20T16:50:45 IST" duration-ms="18197" status="PASS">
          <params>
            <param index="0">
              <value>
                <![CDATA[windows]]>
              </value>
            </param>
            <param index="1">
              <value>
                <![CDATA[chrome]]>
              </value>
            </param>
          </params>
          <reporter-output>
          </reporter-output>
        </test-method> <!-- setUp -->
        <test-method signature="CreateAccount()[pri:0, instance:testCases.TC007_CreateAccount@77847718]" started-at="2025-06-20T16:50:45 IST" name="CreateAccount" finished-at="2025-06-20T16:51:09 IST" duration-ms="23622" status="PASS">
          <reporter-output>
          </reporter-output>
        </test-method> <!-- CreateAccount -->
        <test-method is-config="true" signature="tearDown()[pri:0, instance:testCases.TC007_CreateAccount@77847718]" started-at="2025-06-20T16:51:09 IST" name="tearDown" finished-at="2025-06-20T16:51:09 IST" duration-ms="231" status="PASS">
          <reporter-output>
          </reporter-output>
        </test-method> <!-- tearDown -->
      </class> <!-- testCases.TC007_CreateAccount -->
      <class name="testCases.TC012_WishListAndCompareBtn_onProduct">
        <test-method is-config="true" signature="setUp(java.lang.String,java.lang.String)[pri:0, instance:testCases.TC012_WishListAndCompareBtn_onProduct@5c33f1a9]" started-at="2025-06-20T16:53:07 IST" name="setUp" finished-at="2025-06-20T16:53:20 IST" duration-ms="13390" status="PASS">
          <params>
            <param index="0">
              <value>
                <![CDATA[windows]]>
              </value>
            </param>
            <param index="1">
              <value>
                <![CDATA[chrome]]>
              </value>
            </param>
          </params>
          <reporter-output>
          </reporter-output>
        </test-method> <!-- setUp -->
        <test-method signature="buttonOnproductPage()[pri:0, instance:testCases.TC012_WishListAndCompareBtn_onProduct@5c33f1a9]" started-at="2025-06-20T16:53:20 IST" name="buttonOnproductPage" finished-at="2025-06-20T16:53:46 IST" duration-ms="25618" status="FAIL">
          <exception class="org.openqa.selenium.ElementClickInterceptedException">
            <message>
              <![CDATA[element click intercepted: Element <a href="#" class="action towishlist" data-post="{&quot;action&quot;:&quot;https:\/\/mrd.softdemonew.info\/wishlist\/index\/add\/&quot;,&quot;data&quot;:{&quot;product&quot;:1145,&quot;uenc&quot;:&quot;aHR0cHM6Ly9tcmQuc29mdGRlbW9uZXcuaW5mby9iYWNobWFubi1icmFuY2hsaW5lLTM2LTAwNGEtYmQtbGFyZ2UtY29udGFpbmVycy1ici1iYXV4aXRlLWFuZC1ici1jcmltc29uLmh0bWw~&quot;}}" data-action="add-to-wishlist">...</a> is not clickable at point (1446, 320). Other element would receive the click: <li class="mega has-child dynamic-width tab-head" id="menu5470">...</li>
  (Session info: chrome=137.0.7151.120)
Build info: version: '4.28.1', revision: '73f5ad48a2'
System info: os.name: 'Windows 10', os.arch: 'amd64', os.version: '10.0', java.version: '21.0.6'
Driver info: org.openqa.selenium.chrome.ChromeDriver
Command: [c12ae31e47d99be3716a0869a43cbe7f, clickElement {id=f.1E840216DB6092FEDD9829FB09639B7F.d.4FA6F55F19F33E20E594521DEF841638.e.514}]
Capabilities {acceptInsecureCerts: false, browserName: chrome, browserVersion: 137.0.7151.120, chrome: {chromedriverVersion: 137.0.7151.119 (e0ac9d12dff..., userDataDir: C:\Users\Admin\AppData\Loca...}, fedcm:accounts: true, goog:chromeOptions: {debuggerAddress: localhost:55183}, networkConnectionEnabled: false, pageLoadStrategy: normal, platformName: windows, proxy: Proxy(), se:cdp: ws://localhost:55183/devtoo..., se:cdpVersion: 137.0.7151.120, setWindowRect: true, strictFileInteractability: false, timeouts: {implicit: 0, pageLoad: 300000, script: 30000}, unhandledPromptBehavior: dismiss and notify, webauthn:extension:credBlob: true, webauthn:extension:largeBlob: true, webauthn:extension:minPinLength: true, webauthn:extension:prf: true, webauthn:virtualAuthenticators: true}
Element: [[ChromeDriver: chrome on windows (c12ae31e47d99be3716a0869a43cbe7f)] -> xpath: //div[@class='product-addto-links']//a[1]]
Session ID: c12ae31e47d99be3716a0869a43cbe7f]]>
            </message>
            <full-stacktrace>
              <![CDATA[org.openqa.selenium.ElementClickInterceptedException: element click intercepted: Element <a href="#" class="action towishlist" data-post="{&quot;action&quot;:&quot;https:\/\/mrd.softdemonew.info\/wishlist\/index\/add\/&quot;,&quot;data&quot;:{&quot;product&quot;:1145,&quot;uenc&quot;:&quot;aHR0cHM6Ly9tcmQuc29mdGRlbW9uZXcuaW5mby9iYWNobWFubi1icmFuY2hsaW5lLTM2LTAwNGEtYmQtbGFyZ2UtY29udGFpbmVycy1ici1iYXV4aXRlLWFuZC1ici1jcmltc29uLmh0bWw~&quot;}}" data-action="add-to-wishlist">...</a> is not clickable at point (1446, 320). Other element would receive the click: <li class="mega has-child dynamic-width tab-head" id="menu5470">...</li>
  (Session info: chrome=137.0.7151.120)
Build info: version: '4.28.1', revision: '73f5ad48a2'
System info: os.name: 'Windows 10', os.arch: 'amd64', os.version: '10.0', java.version: '21.0.6'
Driver info: org.openqa.selenium.chrome.ChromeDriver
Command: [c12ae31e47d99be3716a0869a43cbe7f, clickElement {id=f.1E840216DB6092FEDD9829FB09639B7F.d.4FA6F55F19F33E20E594521DEF841638.e.514}]
Capabilities {acceptInsecureCerts: false, browserName: chrome, browserVersion: 137.0.7151.120, chrome: {chromedriverVersion: 137.0.7151.119 (e0ac9d12dff..., userDataDir: C:\Users\Admin\AppData\Loca...}, fedcm:accounts: true, goog:chromeOptions: {debuggerAddress: localhost:55183}, networkConnectionEnabled: false, pageLoadStrategy: normal, platformName: windows, proxy: Proxy(), se:cdp: ws://localhost:55183/devtoo..., se:cdpVersion: 137.0.7151.120, setWindowRect: true, strictFileInteractability: false, timeouts: {implicit: 0, pageLoad: 300000, script: 30000}, unhandledPromptBehavior: dismiss and notify, webauthn:extension:credBlob: true, webauthn:extension:largeBlob: true, webauthn:extension:minPinLength: true, webauthn:extension:prf: true, webauthn:virtualAuthenticators: true}
Element: [[ChromeDriver: chrome on windows (c12ae31e47d99be3716a0869a43cbe7f)] -> xpath: //div[@class='product-addto-links']//a[1]]
Session ID: c12ae31e47d99be3716a0869a43cbe7f
at java.base/jdk.internal.reflect.DirectConstructorHandleAccessor.newInstance(DirectConstructorHandleAccessor.java:62)
at java.base/java.lang.reflect.Constructor.newInstanceWithCaller(Constructor.java:502)
at java.base/java.lang.reflect.Constructor.newInstance(Constructor.java:486)
at org.openqa.selenium.remote.ErrorCodec.decode(ErrorCodec.java:167)
at org.openqa.selenium.remote.codec.w3c.W3CHttpResponseCodec.decode(W3CHttpResponseCodec.java:138)
at org.openqa.selenium.remote.codec.w3c.W3CHttpResponseCodec.decode(W3CHttpResponseCodec.java:50)
at org.openqa.selenium.remote.HttpCommandExecutor.execute(HttpCommandExecutor.java:215)
at org.openqa.selenium.remote.service.DriverCommandExecutor.invokeExecute(DriverCommandExecutor.java:216)
at org.openqa.selenium.remote.service.DriverCommandExecutor.execute(DriverCommandExecutor.java:174)
at org.openqa.selenium.remote.RemoteWebDriver.execute(RemoteWebDriver.java:545)
at org.openqa.selenium.remote.RemoteWebElement.execute(RemoteWebElement.java:223)
at org.openqa.selenium.remote.RemoteWebElement.click(RemoteWebElement.java:76)
at java.base/jdk.internal.reflect.DirectMethodHandleAccessor.invoke(DirectMethodHandleAccessor.java:103)
at java.base/java.lang.reflect.Method.invoke(Method.java:580)
at org.openqa.selenium.support.pagefactory.internal.LocatingElementHandler.invoke(LocatingElementHandler.java:51)
at jdk.proxy2/jdk.proxy2.$Proxy15.click(Unknown Source)
at pageObjects.ProductDetailPage.clickOnCompareBtn(ProductDetailPage.java:49)
at testCases.TC012_WishListAndCompareBtn_onProduct.buttonOnproductPage(TC012_WishListAndCompareBtn_onProduct.java:45)
at java.base/jdk.internal.reflect.DirectMethodHandleAccessor.invoke(DirectMethodHandleAccessor.java:103)
at java.base/java.lang.reflect.Method.invoke(Method.java:580)
at org.testng.internal.MethodInvocationHelper.invokeMethod(MethodInvocationHelper.java:133)
at org.testng.internal.TestInvoker.invokeMethod(TestInvoker.java:598)
at org.testng.internal.TestInvoker.invokeTestMethod(TestInvoker.java:173)
at org.testng.internal.MethodRunner.runInSequence(MethodRunner.java:46)
at org.testng.internal.TestInvoker$MethodInvocationAgent.invoke(TestInvoker.java:824)
at org.testng.internal.TestInvoker.invokeTestMethods(TestInvoker.java:146)
at org.testng.internal.TestMethodWorker.invokeTestMethods(TestMethodWorker.java:146)
at org.testng.internal.TestMethodWorker.run(TestMethodWorker.java:128)
at java.base/java.util.ArrayList.forEach(ArrayList.java:1596)
at org.testng.TestRunner.privateRun(TestRunner.java:794)
at org.testng.TestRunner.run(TestRunner.java:596)
at org.testng.SuiteRunner.runTest(SuiteRunner.java:377)
at org.testng.SuiteRunner.runSequentially(SuiteRunner.java:371)
at org.testng.SuiteRunner.privateRun(SuiteRunner.java:332)
at org.testng.SuiteRunner.run(SuiteRunner.java:276)
at org.testng.SuiteRunnerWorker.runSuite(SuiteRunnerWorker.java:53)
at org.testng.SuiteRunnerWorker.run(SuiteRunnerWorker.java:96)
at org.testng.TestNG.runSuitesSequentially(TestNG.java:1212)
at org.testng.TestNG.runSuitesLocally(TestNG.java:1134)
at org.testng.TestNG.runSuites(TestNG.java:1063)
at org.testng.TestNG.run(TestNG.java:1031)
at org.testng.remote.AbstractRemoteTestNG.run(AbstractRemoteTestNG.java:115)
at org.testng.remote.RemoteTestNG.initAndRun(RemoteTestNG.java:293)
at org.testng.remote.RemoteTestNG.main(RemoteTestNG.java:91)
]]>
            </full-stacktrace>
          </exception> <!-- org.openqa.selenium.ElementClickInterceptedException -->
          <reporter-output>
          </reporter-output>
        </test-method> <!-- buttonOnproductPage -->
        <test-method is-config="true" signature="tearDown()[pri:0, instance:testCases.TC012_WishListAndCompareBtn_onProduct@5c33f1a9]" started-at="2025-06-20T16:53:46 IST" name="tearDown" finished-at="2025-06-20T16:53:46 IST" duration-ms="193" status="PASS">
          <reporter-output>
          </reporter-output>
        </test-method> <!-- tearDown -->
      </class> <!-- testCases.TC012_WishListAndCompareBtn_onProduct -->
      <class name="testCases.TC006_WishListAddAndDelete">
        <test-method is-config="true" signature="setUp(java.lang.String,java.lang.String)[pri:0, instance:testCases.TC006_WishListAddAndDelete@158d2680]" started-at="2025-06-20T16:49:48 IST" name="setUp" finished-at="2025-06-20T16:50:04 IST" duration-ms="15832" status="PASS">
          <params>
            <param index="0">
              <value>
                <![CDATA[windows]]>
              </value>
            </param>
            <param index="1">
              <value>
                <![CDATA[chrome]]>
              </value>
            </param>
          </params>
          <reporter-output>
          </reporter-output>
        </test-method> <!-- setUp -->
        <test-method signature="WishListAddAndDelete()[pri:0, instance:testCases.TC006_WishListAddAndDelete@158d2680]" started-at="2025-06-20T16:50:04 IST" name="WishListAddAndDelete" finished-at="2025-06-20T16:50:27 IST" duration-ms="22958" status="PASS">
          <reporter-output>
          </reporter-output>
        </test-method> <!-- WishListAddAndDelete -->
        <test-method is-config="true" signature="tearDown()[pri:0, instance:testCases.TC006_WishListAddAndDelete@158d2680]" started-at="2025-06-20T16:50:27 IST" name="tearDown" finished-at="2025-06-20T16:50:27 IST" duration-ms="204" status="PASS">
          <reporter-output>
          </reporter-output>
        </test-method> <!-- tearDown -->
      </class> <!-- testCases.TC006_WishListAddAndDelete -->
      <class name="testCases.TC010_ProductPerPage">
        <test-method is-config="true" signature="setUp(java.lang.String,java.lang.String)[pri:0, instance:testCases.TC010_ProductPerPage@2b662a77]" started-at="2025-06-20T16:52:16 IST" name="setUp" finished-at="2025-06-20T16:52:31 IST" duration-ms="14774" status="PASS">
          <params>
            <param index="0">
              <value>
                <![CDATA[windows]]>
              </value>
            </param>
            <param index="1">
              <value>
                <![CDATA[chrome]]>
              </value>
            </param>
          </params>
          <reporter-output>
          </reporter-output>
        </test-method> <!-- setUp -->
        <test-method signature="productPerPage()[pri:0, instance:testCases.TC010_ProductPerPage@2b662a77]" started-at="2025-06-20T16:52:31 IST" name="productPerPage" finished-at="2025-06-20T16:52:43 IST" duration-ms="12356" status="PASS">
          <reporter-output>
          </reporter-output>
        </test-method> <!-- productPerPage -->
        <test-method is-config="true" signature="tearDown()[pri:0, instance:testCases.TC010_ProductPerPage@2b662a77]" started-at="2025-06-20T16:52:43 IST" name="tearDown" finished-at="2025-06-20T16:52:43 IST" duration-ms="163" status="PASS">
          <reporter-output>
          </reporter-output>
        </test-method> <!-- tearDown -->
      </class> <!-- testCases.TC010_ProductPerPage -->
      <class name="testCases.TC013_SearchFuctionalty">
        <test-method is-config="true" signature="setUp(java.lang.String,java.lang.String)[pri:0, instance:testCases.TC013_SearchFuctionalty@1623b78d]" started-at="2025-06-20T16:53:46 IST" name="setUp" finished-at="2025-06-20T16:54:00 IST" duration-ms="13873" status="PASS">
          <params>
            <param index="0">
              <value>
                <![CDATA[windows]]>
              </value>
            </param>
            <param index="1">
              <value>
                <![CDATA[chrome]]>
              </value>
            </param>
          </params>
          <reporter-output>
          </reporter-output>
        </test-method> <!-- setUp -->
        <test-method signature="SearchFuctionalty()[pri:0, instance:testCases.TC013_SearchFuctionalty@1623b78d]" started-at="2025-06-20T16:54:00 IST" name="SearchFuctionalty" finished-at="2025-06-20T16:54:06 IST" duration-ms="5860" status="PASS">
          <reporter-output>
          </reporter-output>
        </test-method> <!-- SearchFuctionalty -->
        <test-method is-config="true" signature="tearDown()[pri:0, instance:testCases.TC013_SearchFuctionalty@1623b78d]" started-at="2025-06-20T16:54:06 IST" name="tearDown" finished-at="2025-06-20T16:54:06 IST" duration-ms="174" status="PASS">
          <reporter-output>
          </reporter-output>
        </test-method> <!-- tearDown -->
      </class> <!-- testCases.TC013_SearchFuctionalty -->
      <class name="testCases.TC011_Pagination">
        <test-method is-config="true" signature="setUp(java.lang.String,java.lang.String)[pri:0, instance:testCases.TC011_Pagination@7f0eb4b4]" started-at="2025-06-20T16:52:43 IST" name="setUp" finished-at="2025-06-20T16:52:58 IST" duration-ms="14225" status="PASS">
          <params>
            <param index="0">
              <value>
                <![CDATA[windows]]>
              </value>
            </param>
            <param index="1">
              <value>
                <![CDATA[chrome]]>
              </value>
            </param>
          </params>
          <reporter-output>
          </reporter-output>
        </test-method> <!-- setUp -->
        <test-method signature="pagination()[pri:0, instance:testCases.TC011_Pagination@7f0eb4b4]" started-at="2025-06-20T16:52:58 IST" name="pagination" finished-at="2025-06-20T16:53:07 IST" duration-ms="9113" status="PASS">
          <reporter-output>
          </reporter-output>
        </test-method> <!-- pagination -->
        <test-method is-config="true" signature="tearDown()[pri:0, instance:testCases.TC011_Pagination@7f0eb4b4]" started-at="2025-06-20T16:53:07 IST" name="tearDown" finished-at="2025-06-20T16:53:07 IST" duration-ms="203" status="PASS">
          <reporter-output>
          </reporter-output>
        </test-method> <!-- tearDown -->
      </class> <!-- testCases.TC011_Pagination -->
      <class name="testCases.TC014_CartPageActions">
        <test-method is-config="true" signature="setUp(java.lang.String,java.lang.String)[pri:0, instance:testCases.TC014_CartPageActions@c8c12ac]" started-at="2025-06-20T16:54:06 IST" name="setUp" finished-at="2025-06-20T16:54:20 IST" duration-ms="13719" status="PASS">
          <params>
            <param index="0">
              <value>
                <![CDATA[windows]]>
              </value>
            </param>
            <param index="1">
              <value>
                <![CDATA[chrome]]>
              </value>
            </param>
          </params>
          <reporter-output>
          </reporter-output>
        </test-method> <!-- setUp -->
        <test-method signature="cartPageActions()[pri:0, instance:testCases.TC014_CartPageActions@c8c12ac]" started-at="2025-06-20T16:54:20 IST" name="cartPageActions" finished-at="2025-06-20T16:54:47 IST" duration-ms="26877" status="PASS">
          <reporter-output>
          </reporter-output>
        </test-method> <!-- cartPageActions -->
        <test-method is-config="true" signature="tearDown()[pri:0, instance:testCases.TC014_CartPageActions@c8c12ac]" started-at="2025-06-20T16:54:47 IST" name="tearDown" finished-at="2025-06-20T16:54:47 IST" duration-ms="238" status="PASS">
          <reporter-output>
          </reporter-output>
        </test-method> <!-- tearDown -->
      </class> <!-- testCases.TC014_CartPageActions -->
      <class name="testCases.TC009_QuickViewIsPresent">
        <test-method is-config="true" signature="setUp(java.lang.String,java.lang.String)[pri:0, instance:testCases.TC009_QuickViewIsPresent@57a3af25]" started-at="2025-06-20T16:51:54 IST" name="setUp" finished-at="2025-06-20T16:52:08 IST" duration-ms="13149" status="PASS">
          <params>
            <param index="0">
              <value>
                <![CDATA[windows]]>
              </value>
            </param>
            <param index="1">
              <value>
                <![CDATA[chrome]]>
              </value>
            </param>
          </params>
          <reporter-output>
          </reporter-output>
        </test-method> <!-- setUp -->
        <test-method signature="quickView()[pri:0, instance:testCases.TC009_QuickViewIsPresent@57a3af25]" started-at="2025-06-20T16:52:08 IST" name="quickView" finished-at="2025-06-20T16:52:16 IST" duration-ms="8058" status="PASS">
          <reporter-output>
          </reporter-output>
        </test-method> <!-- quickView -->
        <test-method is-config="true" signature="tearDown()[pri:0, instance:testCases.TC009_QuickViewIsPresent@57a3af25]" started-at="2025-06-20T16:52:16 IST" name="tearDown" finished-at="2025-06-20T16:52:16 IST" duration-ms="337" status="PASS">
          <reporter-output>
          </reporter-output>
        </test-method> <!-- tearDown -->
      </class> <!-- testCases.TC009_QuickViewIsPresent -->
      <class name="testCases.TC005_AddComapreAndDelete">
        <test-method is-config="true" signature="setUp(java.lang.String,java.lang.String)[pri:0, instance:testCases.TC005_AddComapreAndDelete@131774fe]" started-at="2025-06-20T16:49:01 IST" name="setUp" finished-at="2025-06-20T16:49:13 IST" duration-ms="12801" status="PASS">
          <params>
            <param index="0">
              <value>
                <![CDATA[windows]]>
              </value>
            </param>
            <param index="1">
              <value>
                <![CDATA[chrome]]>
              </value>
            </param>
          </params>
          <reporter-output>
          </reporter-output>
        </test-method> <!-- setUp -->
        <test-method signature="compareAndDelete()[pri:0, instance:testCases.TC005_AddComapreAndDelete@131774fe]" started-at="2025-06-20T16:49:13 IST" name="compareAndDelete" finished-at="2025-06-20T16:49:48 IST" duration-ms="34350" status="PASS">
          <reporter-output>
          </reporter-output>
        </test-method> <!-- compareAndDelete -->
        <test-method is-config="true" signature="tearDown()[pri:0, instance:testCases.TC005_AddComapreAndDelete@131774fe]" started-at="2025-06-20T16:49:48 IST" name="tearDown" finished-at="2025-06-20T16:49:48 IST" duration-ms="206" status="PASS">
          <reporter-output>
          </reporter-output>
        </test-method> <!-- tearDown -->
      </class> <!-- testCases.TC005_AddComapreAndDelete -->
      <class name="testCases.TC004_AboutUs">
        <test-method is-config="true" signature="setUp(java.lang.String,java.lang.String)[pri:0, instance:testCases.TC004_AboutUs@10e31a9a]" started-at="2025-06-20T16:48:42 IST" name="setUp" finished-at="2025-06-20T16:48:55 IST" duration-ms="13000" status="PASS">
          <params>
            <param index="0">
              <value>
                <![CDATA[windows]]>
              </value>
            </param>
            <param index="1">
              <value>
                <![CDATA[chrome]]>
              </value>
            </param>
          </params>
          <reporter-output>
          </reporter-output>
        </test-method> <!-- setUp -->
        <test-method signature="AboutUs()[pri:0, instance:testCases.TC004_AboutUs@10e31a9a]" started-at="2025-06-20T16:48:55 IST" name="AboutUs" finished-at="2025-06-20T16:49:00 IST" duration-ms="5567" status="PASS">
          <reporter-output>
          </reporter-output>
        </test-method> <!-- AboutUs -->
        <test-method is-config="true" signature="tearDown()[pri:0, instance:testCases.TC004_AboutUs@10e31a9a]" started-at="2025-06-20T16:49:00 IST" name="tearDown" finished-at="2025-06-20T16:49:01 IST" duration-ms="339" status="PASS">
          <reporter-output>
          </reporter-output>
        </test-method> <!-- tearDown -->
      </class> <!-- testCases.TC004_AboutUs -->
      <class name="testCases.TC001_LoginAndLogOut">
        <test-method is-config="true" signature="setUp(java.lang.String,java.lang.String)[pri:0, instance:testCases.TC001_LoginAndLogOut@36bc55de]" started-at="2025-06-20T16:46:56 IST" name="setUp" finished-at="2025-06-20T16:47:11 IST" duration-ms="14707" status="PASS">
          <params>
            <param index="0">
              <value>
                <![CDATA[windows]]>
              </value>
            </param>
            <param index="1">
              <value>
                <![CDATA[chrome]]>
              </value>
            </param>
          </params>
          <reporter-output>
          </reporter-output>
        </test-method> <!-- setUp -->
        <test-method signature="loginandLog()[pri:0, instance:testCases.TC001_LoginAndLogOut@36bc55de]" started-at="2025-06-20T16:47:11 IST" name="loginandLog" finished-at="2025-06-20T16:47:29 IST" duration-ms="18193" status="PASS">
          <reporter-output>
          </reporter-output>
        </test-method> <!-- loginandLog -->
        <test-method is-config="true" signature="tearDown()[pri:0, instance:testCases.TC001_LoginAndLogOut@36bc55de]" started-at="2025-06-20T16:47:29 IST" name="tearDown" finished-at="2025-06-20T16:47:29 IST" duration-ms="221" status="PASS">
          <reporter-output>
          </reporter-output>
        </test-method> <!-- tearDown -->
      </class> <!-- testCases.TC001_LoginAndLogOut -->
      <class name="testCases.TC008_OrderLogin_via_Elavon">
        <test-method is-config="true" signature="setUp(java.lang.String,java.lang.String)[pri:0, instance:testCases.TC008_OrderLogin_via_Elavon@7f3b84b8]" started-at="2025-06-20T16:51:09 IST" name="setUp" finished-at="2025-06-20T16:51:23 IST" duration-ms="13826" status="PASS">
          <params>
            <param index="0">
              <value>
                <![CDATA[windows]]>
              </value>
            </param>
            <param index="1">
              <value>
                <![CDATA[chrome]]>
              </value>
            </param>
          </params>
          <reporter-output>
          </reporter-output>
        </test-method> <!-- setUp -->
        <test-method signature="OrderLogin()[pri:0, instance:testCases.TC008_OrderLogin_via_Elavon@7f3b84b8]" started-at="2025-06-20T16:51:23 IST" name="OrderLogin" finished-at="2025-06-20T16:51:54 IST" duration-ms="31350" status="FAIL">
          <exception class="org.openqa.selenium.ElementNotInteractableException">
            <message>
              <![CDATA[element not interactable
  (Session info: chrome=137.0.7151.120)
Build info: version: '4.28.1', revision: '73f5ad48a2'
System info: os.name: 'Windows 10', os.arch: 'amd64', os.version: '10.0', java.version: '21.0.6'
Driver info: org.openqa.selenium.chrome.ChromeDriver
Command: [fd73a8630ad939bb1d9b2b359d69f111, clickElement {id=f.DEAD40090447843768B39223BBFE31A3.d.99749AFC73EF3E847839CC35F6B7FEAD.e.340}]
Capabilities {acceptInsecureCerts: false, browserName: chrome, browserVersion: 137.0.7151.120, chrome: {chromedriverVersion: 137.0.7151.119 (e0ac9d12dff..., userDataDir: C:\Users\Admin\AppData\Loca...}, fedcm:accounts: true, goog:chromeOptions: {debuggerAddress: localhost:55026}, networkConnectionEnabled: false, pageLoadStrategy: normal, platformName: windows, proxy: Proxy(), se:cdp: ws://localhost:55026/devtoo..., se:cdpVersion: 137.0.7151.120, setWindowRect: true, strictFileInteractability: false, timeouts: {implicit: 0, pageLoad: 300000, script: 30000}, unhandledPromptBehavior: dismiss and notify, webauthn:extension:credBlob: true, webauthn:extension:largeBlob: true, webauthn:extension:minPinLength: true, webauthn:extension:prf: true, webauthn:virtualAuthenticators: true}
Element: [[ChromeDriver: chrome on windows (fd73a8630ad939bb1d9b2b359d69f111)] -> xpath: //a[@class='action viewcart']]
Session ID: fd73a8630ad939bb1d9b2b359d69f111]]>
            </message>
            <full-stacktrace>
              <![CDATA[org.openqa.selenium.ElementNotInteractableException: element not interactable
  (Session info: chrome=137.0.7151.120)
Build info: version: '4.28.1', revision: '73f5ad48a2'
System info: os.name: 'Windows 10', os.arch: 'amd64', os.version: '10.0', java.version: '21.0.6'
Driver info: org.openqa.selenium.chrome.ChromeDriver
Command: [fd73a8630ad939bb1d9b2b359d69f111, clickElement {id=f.DEAD40090447843768B39223BBFE31A3.d.99749AFC73EF3E847839CC35F6B7FEAD.e.340}]
Capabilities {acceptInsecureCerts: false, browserName: chrome, browserVersion: 137.0.7151.120, chrome: {chromedriverVersion: 137.0.7151.119 (e0ac9d12dff..., userDataDir: C:\Users\Admin\AppData\Loca...}, fedcm:accounts: true, goog:chromeOptions: {debuggerAddress: localhost:55026}, networkConnectionEnabled: false, pageLoadStrategy: normal, platformName: windows, proxy: Proxy(), se:cdp: ws://localhost:55026/devtoo..., se:cdpVersion: 137.0.7151.120, setWindowRect: true, strictFileInteractability: false, timeouts: {implicit: 0, pageLoad: 300000, script: 30000}, unhandledPromptBehavior: dismiss and notify, webauthn:extension:credBlob: true, webauthn:extension:largeBlob: true, webauthn:extension:minPinLength: true, webauthn:extension:prf: true, webauthn:virtualAuthenticators: true}
Element: [[ChromeDriver: chrome on windows (fd73a8630ad939bb1d9b2b359d69f111)] -> xpath: //a[@class='action viewcart']]
Session ID: fd73a8630ad939bb1d9b2b359d69f111
at java.base/jdk.internal.reflect.DirectConstructorHandleAccessor.newInstance(DirectConstructorHandleAccessor.java:62)
at java.base/java.lang.reflect.Constructor.newInstanceWithCaller(Constructor.java:502)
at java.base/java.lang.reflect.Constructor.newInstance(Constructor.java:486)
at org.openqa.selenium.remote.ErrorCodec.decode(ErrorCodec.java:167)
at org.openqa.selenium.remote.codec.w3c.W3CHttpResponseCodec.decode(W3CHttpResponseCodec.java:138)
at org.openqa.selenium.remote.codec.w3c.W3CHttpResponseCodec.decode(W3CHttpResponseCodec.java:50)
at org.openqa.selenium.remote.HttpCommandExecutor.execute(HttpCommandExecutor.java:215)
at org.openqa.selenium.remote.service.DriverCommandExecutor.invokeExecute(DriverCommandExecutor.java:216)
at org.openqa.selenium.remote.service.DriverCommandExecutor.execute(DriverCommandExecutor.java:174)
at org.openqa.selenium.remote.RemoteWebDriver.execute(RemoteWebDriver.java:545)
at org.openqa.selenium.remote.RemoteWebElement.execute(RemoteWebElement.java:223)
at org.openqa.selenium.remote.RemoteWebElement.click(RemoteWebElement.java:76)
at java.base/jdk.internal.reflect.DirectMethodHandleAccessor.invoke(DirectMethodHandleAccessor.java:103)
at java.base/java.lang.reflect.Method.invoke(Method.java:580)
at org.openqa.selenium.support.pagefactory.internal.LocatingElementHandler.invoke(LocatingElementHandler.java:51)
at jdk.proxy2/jdk.proxy2.$Proxy15.click(Unknown Source)
at pageObjects.HomePage.clickOnMiniCartBtn(HomePage.java:176)
at testCases.TC008_OrderLogin_via_Elavon.OrderLogin(TC008_OrderLogin_via_Elavon.java:30)
at java.base/jdk.internal.reflect.DirectMethodHandleAccessor.invoke(DirectMethodHandleAccessor.java:103)
at java.base/java.lang.reflect.Method.invoke(Method.java:580)
at org.testng.internal.MethodInvocationHelper.invokeMethod(MethodInvocationHelper.java:133)
at org.testng.internal.TestInvoker.invokeMethod(TestInvoker.java:598)
at org.testng.internal.TestInvoker.invokeTestMethod(TestInvoker.java:173)
at org.testng.internal.MethodRunner.runInSequence(MethodRunner.java:46)
at org.testng.internal.TestInvoker$MethodInvocationAgent.invoke(TestInvoker.java:824)
at org.testng.internal.TestInvoker.invokeTestMethods(TestInvoker.java:146)
at org.testng.internal.TestMethodWorker.invokeTestMethods(TestMethodWorker.java:146)
at org.testng.internal.TestMethodWorker.run(TestMethodWorker.java:128)
at java.base/java.util.ArrayList.forEach(ArrayList.java:1596)
at org.testng.TestRunner.privateRun(TestRunner.java:794)
at org.testng.TestRunner.run(TestRunner.java:596)
at org.testng.SuiteRunner.runTest(SuiteRunner.java:377)
at org.testng.SuiteRunner.runSequentially(SuiteRunner.java:371)
at org.testng.SuiteRunner.privateRun(SuiteRunner.java:332)
at org.testng.SuiteRunner.run(SuiteRunner.java:276)
at org.testng.SuiteRunnerWorker.runSuite(SuiteRunnerWorker.java:53)
at org.testng.SuiteRunnerWorker.run(SuiteRunnerWorker.java:96)
at org.testng.TestNG.runSuitesSequentially(TestNG.java:1212)
at org.testng.TestNG.runSuitesLocally(TestNG.java:1134)
at org.testng.TestNG.runSuites(TestNG.java:1063)
at org.testng.TestNG.run(TestNG.java:1031)
at org.testng.remote.AbstractRemoteTestNG.run(AbstractRemoteTestNG.java:115)
at org.testng.remote.RemoteTestNG.initAndRun(RemoteTestNG.java:293)
at org.testng.remote.RemoteTestNG.main(RemoteTestNG.java:91)
]]>
            </full-stacktrace>
          </exception> <!-- org.openqa.selenium.ElementNotInteractableException -->
          <reporter-output>
          </reporter-output>
        </test-method> <!-- OrderLogin -->
        <test-method is-config="true" signature="tearDown()[pri:0, instance:testCases.TC008_OrderLogin_via_Elavon@7f3b84b8]" started-at="2025-06-20T16:51:54 IST" name="tearDown" finished-at="2025-06-20T16:51:54 IST" duration-ms="182" status="PASS">
          <reporter-output>
          </reporter-output>
        </test-method> <!-- tearDown -->
      </class> <!-- testCases.TC008_OrderLogin_via_Elavon -->
      <class name="testCases.TC002_Newsletter">
        <test-method is-config="true" signature="setUp(java.lang.String,java.lang.String)[pri:0, instance:testCases.TC002_Newsletter@74fe5c40]" started-at="2025-06-20T16:47:29 IST" name="setUp" finished-at="2025-06-20T16:47:43 IST" duration-ms="13611" status="PASS">
          <params>
            <param index="0">
              <value>
                <![CDATA[windows]]>
              </value>
            </param>
            <param index="1">
              <value>
                <![CDATA[chrome]]>
              </value>
            </param>
          </params>
          <reporter-output>
          </reporter-output>
        </test-method> <!-- setUp -->
        <test-method signature="Newsletter()[pri:0, instance:testCases.TC002_Newsletter@74fe5c40]" started-at="2025-06-20T16:47:43 IST" name="Newsletter" finished-at="2025-06-20T16:48:10 IST" duration-ms="26709" status="FAIL">
          <exception class="java.lang.AssertionError">
            <message>
              <![CDATA[expected [true] but found [false]]]>
            </message>
            <full-stacktrace>
              <![CDATA[java.lang.AssertionError: expected [true] but found [false]
at org.testng.Assert.fail(Assert.java:99)
at org.testng.Assert.failNotEquals(Assert.java:1037)
at org.testng.Assert.assertTrue(Assert.java:45)
at org.testng.Assert.assertTrue(Assert.java:55)
at testCases.TC002_Newsletter.Newsletter(TC002_Newsletter.java:31)
at java.base/jdk.internal.reflect.DirectMethodHandleAccessor.invoke(DirectMethodHandleAccessor.java:103)
at java.base/java.lang.reflect.Method.invoke(Method.java:580)
at org.testng.internal.MethodInvocationHelper.invokeMethod(MethodInvocationHelper.java:133)
at org.testng.internal.TestInvoker.invokeMethod(TestInvoker.java:598)
at org.testng.internal.TestInvoker.invokeTestMethod(TestInvoker.java:173)
at org.testng.internal.MethodRunner.runInSequence(MethodRunner.java:46)
at org.testng.internal.TestInvoker$MethodInvocationAgent.invoke(TestInvoker.java:824)
at org.testng.internal.TestInvoker.invokeTestMethods(TestInvoker.java:146)
at org.testng.internal.TestMethodWorker.invokeTestMethods(TestMethodWorker.java:146)
at org.testng.internal.TestMethodWorker.run(TestMethodWorker.java:128)
at java.base/java.util.ArrayList.forEach(ArrayList.java:1596)
at org.testng.TestRunner.privateRun(TestRunner.java:794)
at org.testng.TestRunner.run(TestRunner.java:596)
at org.testng.SuiteRunner.runTest(SuiteRunner.java:377)
at org.testng.SuiteRunner.runSequentially(SuiteRunner.java:371)
at org.testng.SuiteRunner.privateRun(SuiteRunner.java:332)
at org.testng.SuiteRunner.run(SuiteRunner.java:276)
at org.testng.SuiteRunnerWorker.runSuite(SuiteRunnerWorker.java:53)
at org.testng.SuiteRunnerWorker.run(SuiteRunnerWorker.java:96)
at org.testng.TestNG.runSuitesSequentially(TestNG.java:1212)
at org.testng.TestNG.runSuitesLocally(TestNG.java:1134)
at org.testng.TestNG.runSuites(TestNG.java:1063)
at org.testng.TestNG.run(TestNG.java:1031)
at org.testng.remote.AbstractRemoteTestNG.run(AbstractRemoteTestNG.java:115)
at org.testng.remote.RemoteTestNG.initAndRun(RemoteTestNG.java:293)
at org.testng.remote.RemoteTestNG.main(RemoteTestNG.java:91)
]]>
            </full-stacktrace>
          </exception> <!-- java.lang.AssertionError -->
          <reporter-output>
          </reporter-output>
        </test-method> <!-- Newsletter -->
        <test-method is-config="true" signature="tearDown()[pri:0, instance:testCases.TC002_Newsletter@74fe5c40]" started-at="2025-06-20T16:48:10 IST" name="tearDown" finished-at="2025-06-20T16:48:10 IST" duration-ms="232" status="PASS">
          <reporter-output>
          </reporter-output>
        </test-method> <!-- tearDown -->
      </class> <!-- testCases.TC002_Newsletter -->
    </test> <!-- Test -->
  </suite> <!-- Suite -->
</testng-results>
